0 info it worked if it ends with ok
1 verbose cli [ '/usr/bin/nodejs', '/usr/bin/npm', 'i' ]
2 info using npm@2.15.9
3 info using node@v4.6.1
4 verbose readDependencies loading dependencies from /root/workspace/LandingPage/package.json
5 error install Couldn't read dependencies
6 verbose stack Error: ENOENT: no such file or directory, open '/root/workspace/LandingPage/package.json'
6 verbose stack     at Error (native)
7 verbose cwd /root/workspace/LandingPage
8 error Linux 4.8.0-26-generic
9 error argv "/usr/bin/nodejs" "/usr/bin/npm" "i"
10 error node v4.6.1
11 error npm  v2.15.9
12 error path /root/workspace/LandingPage/package.json
13 error code ENOPACKAGEJSON
14 error errno -2
15 error syscall open
16 error package.json ENOENT: no such file or directory, open '/root/workspace/LandingPage/package.json'
16 error package.json This is most likely not a problem with npm itself.
16 error package.json npm can't find a package.json file in your current directory.
17 verbose exit [ -2, true ]
